<?xml version="1.0" encoding="UTF-8"?>
<!-- Generated by org.testng.reporters.JUnitReportReporter -->
<testsuite hostname="ASK-PC" failures="0" tests="2" name="com.crm.qa.testcases.ContactPageTest" time="37.426" errors="0" timestamp="2022-07-27T19:09:55 IST" skipped="0">
  <testcase classname="com.crm.qa.testcases.ContactPageTest" name="ContactPageTextValidation" time="15.707"/>
  <system-out/>
  <testcase classname="com.crm.qa.testcases.ContactPageTest" name="ContactPageNewValidation" time="21.719"/>
  <system-out/>
</testsuite> <!-- com.crm.qa.testcases.ContactPageTest -->
