<?xml version="1.0" encoding="UTF-8"?>
<!-- Generated by org.testng.reporters.JUnitReportReporter -->
<testsuite hostname="ASK-PC" failures="0" tests="1" name="com.crm.qa.testcases.ContactPageTest" time="36.891" errors="0" timestamp="2022-07-10T15:17:51 IST" skipped="0">
  <testcase classname="com.crm.qa.testcases.ContactPageTest" name="ContactPageTextValidation" time="36.891"/>
  <system-out/>
</testsuite> <!-- com.crm.qa.testcases.ContactPageTest -->
