<?xml version="1.0" encoding="UTF-8"?>
<!-- Generated by org.testng.reporters.JUnitReportReporter -->
<testsuite hostname="ASK-PC" failures="1" tests="15" name="com.crm.qa.testcases.HomePageTest" time="273.286" errors="0" timestamp="2022-07-27T19:09:55 IST" skipped="0">
  <testcase classname="com.crm.qa.testcases.HomePageTest" name="HomePageTitleTest" time="21.362"/>
  <system-out/>
  <testcase classname="com.crm.qa.testcases.HomePageTest" name="HomePageTextValidation" time="18.640"/>
  <system-out/>
  <testcase classname="com.crm.qa.testcases.HomePageTest" name="HomePageLinkCountValidation" time="22.195">
    <failure message="expected [30] but found [30]" type="java.lang.AssertionError">
      <![CDATA[java.lang.AssertionError: expected [30] but found [30]
at org.testng.Assert.fail(Assert.java:110)
at org.testng.Assert.failNotEquals(Assert.java:1413)
at org.testng.Assert.assertEqualsImpl(Assert.java:149)
at org.testng.Assert.assertEquals(Assert.java:131)
at org.testng.Assert.assertEquals(Assert.java:643)
at com.crm.qa.testcases.HomePageTest.HomePageLinkCountValidation(HomePageTest.java:77)
at java.base/jdk.internal.reflect.NativeMethodAccessorImpl.invoke0(Native Method)
at java.base/jdk.internal.reflect.NativeMethodAccessorImpl.invoke(NativeMethodAccessorImpl.java:62)
at java.base/jdk.internal.reflect.DelegatingMethodAccessorImpl.invoke(DelegatingMethodAccessorImpl.java:43)
at java.base/java.lang.reflect.Method.invoke(Method.java:566)
at org.testng.internal.invokers.MethodInvocationHelper.invokeMethod(MethodInvocationHelper.java:139)
at org.testng.internal.invokers.TestInvoker.invokeMethod(TestInvoker.java:677)
at org.testng.internal.invokers.TestInvoker.invokeTestMethod(TestInvoker.java:221)
at org.testng.internal.invokers.MethodRunner.runInSequence(MethodRunner.java:50)
at org.testng.internal.invokers.TestInvoker$MethodInvocationAgent.invoke(TestInvoker.java:962)
at org.testng.internal.invokers.TestInvoker.invokeTestMethods(TestInvoker.java:194)
at org.testng.internal.invokers.TestMethodWorker.invokeTestMethods(TestMethodWorker.java:148)
at org.testng.internal.invokers.TestMethodWorker.run(TestMethodWorker.java:128)
at java.base/java.util.ArrayList.forEach(ArrayList.java:1541)
at org.testng.TestRunner.privateRun(TestRunner.java:806)
at org.testng.TestRunner.run(TestRunner.java:601)
at org.testng.SuiteRunner.runTest(SuiteRunner.java:433)
at org.testng.SuiteRunner.runSequentially(SuiteRunner.java:427)
at org.testng.SuiteRunner.privateRun(SuiteRunner.java:387)
at org.testng.SuiteRunner.run(SuiteRunner.java:330)
at org.testng.SuiteRunnerWorker.runSuite(SuiteRunnerWorker.java:52)
at org.testng.SuiteRunnerWorker.run(SuiteRunnerWorker.java:95)
at org.testng.TestNG.runSuitesSequentially(TestNG.java:1256)
at org.testng.TestNG.runSuitesLocally(TestNG.java:1176)
at org.testng.TestNG.runSuites(TestNG.java:1099)
at org.testng.TestNG.run(TestNG.java:1067)
at org.testng.remote.AbstractRemoteTestNG.run(AbstractRemoteTestNG.java:115)
at org.testng.remote.RemoteTestNG.initAndRun(RemoteTestNG.java:251)
at org.testng.remote.RemoteTestNG.main(RemoteTestNG.java:77)
]]>
    </failure>
  </testcase> <!-- HomePageLinkCountValidation -->
  <system-out/>
  <testcase classname="com.crm.qa.testcases.HomePageTest" name="HomePageLogoValidation" time="18.742"/>
  <system-out/>
  <testcase classname="com.crm.qa.testcases.HomePageTest" name="validateClicksonContactPage" time="17.187"/>
  <system-out/>
  <testcase classname="com.crm.qa.testcases.HomePageTest" name="validateCalanderPagelink" time="16.425"/>
  <system-out/>
  <testcase classname="com.crm.qa.testcases.HomePageTest" name="validateCompaniesPageLink" time="16.776"/>
  <system-out/>
  <testcase classname="com.crm.qa.testcases.HomePageTest" name="validateDealsPagelink" time="18.628"/>
  <system-out/>
  <testcase classname="com.crm.qa.testcases.HomePageTest" name="validateTasksPageLink" time="18.794"/>
  <system-out/>
  <testcase classname="com.crm.qa.testcases.HomePageTest" name="validateCasesPageLink" time="15.986"/>
  <system-out/>
  <testcase classname="com.crm.qa.testcases.HomePageTest" name="validateCallsPageLink" time="19.156"/>
  <system-out/>
  <testcase classname="com.crm.qa.testcases.HomePageTest" name="validateDocumentsPageLink" time="17.862"/>
  <system-out/>
  <testcase classname="com.crm.qa.testcases.HomePageTest" name="validateEmailPageLink" time="17.252"/>
  <system-out/>
  <testcase classname="com.crm.qa.testcases.HomePageTest" name="validateCampaignsPageLink" time="17.180"/>
  <system-out/>
  <testcase classname="com.crm.qa.testcases.HomePageTest" name="validateFormPageLink" time="17.101"/>
  <system-out/>
</testsuite> <!-- com.crm.qa.testcases.HomePageTest -->
