<?xml version="1.0" encoding="UTF-8"?>
<!-- Generated by org.testng.reporters.JUnitReportReporter -->
<testsuite hostname="ASK-PC" failures="0" tests="1" name="com.crm.qa.testcases.LoginPageTest" time="17.506" errors="0" timestamp="2022-07-29T11:53:51 IST" skipped="0">
  <testcase classname="com.crm.qa.testcases.LoginPageTest" name="validateLoginPageLinkText" time="17.506"/>
  <system-out/>
</testsuite> <!-- com.crm.qa.testcases.LoginPageTest -->
