<?xml version="1.0" encoding="UTF-8"?>
<!-- Generated by org.testng.reporters.JUnitReportReporter -->
<testsuite hostname="ASK-PC" failures="0" tests="2" name="com.crm.qa.testcases.CalenderPageTest" time="32.729" errors="0" timestamp="2022-07-29T08:40:08 IST" skipped="0">
  <testcase classname="com.crm.qa.testcases.CalenderPageTest" name="ValidateCalendarButton" time="16.452"/>
  <system-out/>
  <testcase classname="com.crm.qa.testcases.CalenderPageTest" name="ValidatePageText" time="16.277"/>
  <system-out/>
</testsuite> <!-- com.crm.qa.testcases.CalenderPageTest -->
