<?xml version="1.0" encoding="UTF-8"?>
<!-- Generated by org.testng.reporters.JUnitReportReporter -->
<testsuite hostname="ASK-PC" failures="0" tests="2" name="com.crm.qa.testcases.LoginPageTest" time="84.832" errors="0" timestamp="2022-07-10T15:17:50 IST" skipped="0">
  <testcase classname="com.crm.qa.testcases.LoginPageTest" name="loginPageTitleTest" time="41.140"/>
  <system-out/>
  <testcase classname="com.crm.qa.testcases.LoginPageTest" name="loginTest" time="43.692"/>
  <system-out/>
</testsuite> <!-- com.crm.qa.testcases.LoginPageTest -->
