<?xml version="1.0" encoding="UTF-8"?>
<!-- Generated by org.testng.reporters.JUnitReportReporter -->
<testsuite hostname="ASK-PC" failures="0" tests="4" name="com.crm.qa.testcases.LoginPageTest" time="121.255" errors="0" timestamp="2022-08-05T11:02:19 IST" skipped="0">
  <testcase classname="com.crm.qa.testcases.LoginPageTest" name="loginPageTitleTest" time="20.560"/>
  <system-out/>
  <testcase classname="com.crm.qa.testcases.LoginPageTest" name="loginTest" time="34.350"/>
  <system-out/>
  <testcase classname="com.crm.qa.testcases.LoginPageTest" name="validateLoginPageLink" time="36.592"/>
  <system-out/>
  <testcase classname="com.crm.qa.testcases.LoginPageTest" name="validateLoginPageLinkText" time="29.753"/>
  <system-out/>
</testsuite> <!-- com.crm.qa.testcases.LoginPageTest -->
