<?xml version="1.0" encoding="UTF-8"?>
<!-- Generated by org.testng.reporters.JUnitReportReporter -->
<testsuite hostname="ASK-PC" failures="0" tests="1" name="com.crm.qa.testcases.CompanyPageTest" time="19.920" errors="0" timestamp="2022-07-24T11:20:52 IST" skipped="0">
  <testcase classname="com.crm.qa.testcases.CompanyPageTest" name="CompanyPageURLValidation" time="19.920"/>
  <system-out/>
</testsuite> <!-- com.crm.qa.testcases.CompanyPageTest -->
