<?xml version="1.0" encoding="UTF-8"?>
<!-- Generated by org.testng.reporters.JUnitReportReporter -->
<testsuite hostname="ASK-PC" failures="0" tests="2" name="com.crm.qa.testcases.LoginPageTest" time="31.676" errors="0" timestamp="2022-07-29T08:40:08 IST" skipped="0">
  <testcase classname="com.crm.qa.testcases.LoginPageTest" name="loginPageTitleTest" time="8.031"/>
  <system-out/>
  <testcase classname="com.crm.qa.testcases.LoginPageTest" name="loginTest" time="23.645"/>
  <system-out/>
</testsuite> <!-- com.crm.qa.testcases.LoginPageTest -->
