<?xml version="1.0" encoding="UTF-8"?>
<!-- Generated by org.testng.reporters.JUnitReportReporter -->
<testsuite hostname="ASK-PC" failures="0" tests="16" name="com.crm.qa.testcases.HomePageTest" time="16.209" errors="1" timestamp="2022-07-12T13:51:40 IST" skipped="15">
  <testcase classname="com.crm.qa.testcases.HomePageTest" name="setup" time="16.204">
    <error message="Element &lt;a href=&quot;https://ui.freecrm.com/&quot;&gt; is not clickable at point (902,45) because another element &lt;div id=&quot;preloader&quot;&gt; obscures it
Build info: version: &#039;4.3.0&#039;, revision: &#039;a4995e2c09*&#039;
System info: host: &#039;ASK-PC&#039;, ip: &#039;192.168.1.6&#039;, os.name: &#039;Windows 7&#039;, os.arch: &#039;amd64&#039;, os.version: &#039;6.1&#039;, java.version: &#039;11.0.15&#039;
Driver info: org.openqa.selenium.firefox.FirefoxDriver
Command: [1ff30862-d844-4949-8404-a49610900f35, clickElement {id=0be5fb4e-8628-4140-b368-cc68fc2980ad}]
Capabilities {acceptInsecureCerts: true, browserName: firefox, browserVersion: 102.0.1, moz:accessibilityChecks: false, moz:buildID: 20220705093820, moz:debuggerAddress: localhost:53135, moz:geckodriverVersion: 0.31.0, moz:headless: false, moz:processID: 3332, moz:profile: C:\Users\ASK\AppData\Local\..., moz:shutdownTimeout: 60000, moz:useNonSpecCompliantPointerOrigin: false, moz:webdriverClick: true, moz:windowless: false, pageLoadStrategy: normal, platformName: WINDOWS, platformVersion: 6.1, proxy: Proxy(), se:cdp: ws://localhost:53135/devtoo..., se:cdpVersion: 85.0, setWindowRect: true, strictFileInteractability: false, timeouts: {implicit: 0, pageLoad: 300000, script: 30000}, unhandledPromptBehavior: dismiss and notify}
Element: [[FirefoxDriver: firefox on WINDOWS (1ff30862-d844-4949-8404-a49610900f35)] -&gt; xpath: //a[contains(text(),&#039;Login&#039;)]]
Session ID: 1ff30862-d844-4949-8404-a49610900f35" type="org.openqa.selenium.ElementClickInterceptedException">
      <![CDATA[org.openqa.selenium.ElementClickInterceptedException: Element <a href="https://ui.freecrm.com/"> is not clickable at point (902,45) because another element <div id="preloader"> obscures it
Build info: version: '4.3.0', revision: 'a4995e2c09*'
System info: host: 'ASK-PC', ip: '192.168.1.6', os.name: 'Windows 7', os.arch: 'amd64', os.version: '6.1', java.version: '11.0.15'
Driver info: org.openqa.selenium.firefox.FirefoxDriver
Command: [1ff30862-d844-4949-8404-a49610900f35, clickElement {id=0be5fb4e-8628-4140-b368-cc68fc2980ad}]
Capabilities {acceptInsecureCerts: true, browserName: firefox, browserVersion: 102.0.1, moz:accessibilityChecks: false, moz:buildID: 20220705093820, moz:debuggerAddress: localhost:53135, moz:geckodriverVersion: 0.31.0, moz:headless: false, moz:processID: 3332, moz:profile: C:\Users\ASK\AppData\Local\..., moz:shutdownTimeout: 60000, moz:useNonSpecCompliantPointerOrigin: false, moz:webdriverClick: true, moz:windowless: false, pageLoadStrategy: normal, platformName: WINDOWS, platformVersion: 6.1, proxy: Proxy(), se:cdp: ws://localhost:53135/devtoo..., se:cdpVersion: 85.0, setWindowRect: true, strictFileInteractability: false, timeouts: {implicit: 0, pageLoad: 300000, script: 30000}, unhandledPromptBehavior: dismiss and notify}
Element: [[FirefoxDriver: firefox on WINDOWS (1ff30862-d844-4949-8404-a49610900f35)] -> xpath: //a[contains(text(),'Login')]]
Session ID: 1ff30862-d844-4949-8404-a49610900f35
at java.base/jdk.internal.reflect.NativeConstructorAccessorImpl.newInstance0(Native Method)
at java.base/jdk.internal.reflect.NativeConstructorAccessorImpl.newInstance(NativeConstructorAccessorImpl.java:62)
at java.base/jdk.internal.reflect.DelegatingConstructorAccessorImpl.newInstance(DelegatingConstructorAccessorImpl.java:45)
at java.base/java.lang.reflect.Constructor.newInstance(Constructor.java:490)
at org.openqa.selenium.remote.codec.w3c.W3CHttpResponseCodec.createException(W3CHttpResponseCodec.java:200)
at org.openqa.selenium.remote.codec.w3c.W3CHttpResponseCodec.decode(W3CHttpResponseCodec.java:133)
at org.openqa.selenium.remote.codec.w3c.W3CHttpResponseCodec.decode(W3CHttpResponseCodec.java:53)
at org.openqa.selenium.remote.HttpCommandExecutor.execute(HttpCommandExecutor.java:184)
at org.openqa.selenium.remote.service.DriverCommandExecutor.invokeExecute(DriverCommandExecutor.java:167)
at org.openqa.selenium.remote.service.DriverCommandExecutor.execute(DriverCommandExecutor.java:142)
at org.openqa.selenium.remote.RemoteWebDriver.execute(RemoteWebDriver.java:569)
at org.openqa.selenium.remote.RemoteWebElement.execute(RemoteWebElement.java:257)
at org.openqa.selenium.remote.RemoteWebElement.click(RemoteWebElement.java:78)
at java.base/jdk.internal.reflect.NativeMethodAccessorImpl.invoke0(Native Method)
at java.base/jdk.internal.reflect.NativeMethodAccessorImpl.invoke(NativeMethodAccessorImpl.java:62)
at java.base/jdk.internal.reflect.DelegatingMethodAccessorImpl.invoke(DelegatingMethodAccessorImpl.java:43)
at java.base/java.lang.reflect.Method.invoke(Method.java:566)
at org.openqa.selenium.support.pagefactory.internal.LocatingElementHandler.invoke(LocatingElementHandler.java:52)
at com.sun.proxy.$Proxy15.click(Unknown Source)
at com.crm.qa.pages.LoginPage.login(LoginPage.java:48)
at com.crm.qa.testcases.HomePageTest.setup(HomePageTest.java:53)
at java.base/jdk.internal.reflect.NativeMethodAccessorImpl.invoke0(Native Method)
at java.base/jdk.internal.reflect.NativeMethodAccessorImpl.invoke(NativeMethodAccessorImpl.java:62)
at java.base/jdk.internal.reflect.DelegatingMethodAccessorImpl.invoke(DelegatingMethodAccessorImpl.java:43)
at java.base/java.lang.reflect.Method.invoke(Method.java:566)
at org.testng.internal.invokers.MethodInvocationHelper.invokeMethod(MethodInvocationHelper.java:139)
at org.testng.internal.invokers.MethodInvocationHelper.invokeMethodConsideringTimeout(MethodInvocationHelper.java:69)
at org.testng.internal.invokers.ConfigInvoker.invokeConfigurationMethod(ConfigInvoker.java:361)
at org.testng.internal.invokers.ConfigInvoker.invokeConfigurations(ConfigInvoker.java:296)
at org.testng.internal.invokers.TestInvoker.runConfigMethods(TestInvoker.java:816)
at org.testng.internal.invokers.TestInvoker.invokeMethod(TestInvoker.java:590)
at org.testng.internal.invokers.TestInvoker.invokeTestMethod(TestInvoker.java:221)
at org.testng.internal.invokers.MethodRunner.runInSequence(MethodRunner.java:50)
at org.testng.internal.invokers.TestInvoker$MethodInvocationAgent.invoke(TestInvoker.java:962)
at org.testng.internal.invokers.TestInvoker.invokeTestMethods(TestInvoker.java:194)
at org.testng.internal.invokers.TestMethodWorker.invokeTestMethods(TestMethodWorker.java:148)
at org.testng.internal.invokers.TestMethodWorker.run(TestMethodWorker.java:128)
at java.base/java.util.ArrayList.forEach(ArrayList.java:1541)
at org.testng.TestRunner.privateRun(TestRunner.java:806)
at org.testng.TestRunner.run(TestRunner.java:601)
at org.testng.SuiteRunner.runTest(SuiteRunner.java:433)
at org.testng.SuiteRunner.runSequentially(SuiteRunner.java:427)
at org.testng.SuiteRunner.privateRun(SuiteRunner.java:387)
at org.testng.SuiteRunner.run(SuiteRunner.java:330)
at org.testng.SuiteRunnerWorker.runSuite(SuiteRunnerWorker.java:52)
at org.testng.SuiteRunnerWorker.run(SuiteRunnerWorker.java:95)
at org.testng.TestNG.runSuitesSequentially(TestNG.java:1256)
at org.testng.TestNG.runSuitesLocally(TestNG.java:1176)
at org.testng.TestNG.runSuites(TestNG.java:1099)
at org.testng.TestNG.run(TestNG.java:1067)
at org.testng.remote.AbstractRemoteTestNG.run(AbstractRemoteTestNG.java:115)
at org.testng.remote.RemoteTestNG.initAndRun(RemoteTestNG.java:251)
at org.testng.remote.RemoteTestNG.main(RemoteTestNG.java:77)
]]>
    </error>
  </testcase> <!-- setup -->
  <system-out/>
  <testcase classname="com.crm.qa.testcases.HomePageTest" name="HomePageTitleTest" time="0.001">
    <skipped/>
  </testcase> <!-- HomePageTitleTest -->
  <system-out/>
  <testcase classname="com.crm.qa.testcases.HomePageTest" name="HomePageTextValidation" time="0.000">
    <skipped/>
  </testcase> <!-- HomePageTextValidation -->
  <system-out/>
  <testcase classname="com.crm.qa.testcases.HomePageTest" name="HomePageLinkCountValidation" time="0.000">
    <skipped/>
  </testcase> <!-- HomePageLinkCountValidation -->
  <system-out/>
  <testcase classname="com.crm.qa.testcases.HomePageTest" name="HomePageLogoValidation" time="0.001">
    <skipped/>
  </testcase> <!-- HomePageLogoValidation -->
  <system-out/>
  <testcase classname="com.crm.qa.testcases.HomePageTest" name="validateClicksonContactPage" time="0.001">
    <skipped/>
  </testcase> <!-- validateClicksonContactPage -->
  <system-out/>
  <testcase classname="com.crm.qa.testcases.HomePageTest" name="validateCalanderPagelink" time="0.000">
    <skipped/>
  </testcase> <!-- validateCalanderPagelink -->
  <system-out/>
  <testcase classname="com.crm.qa.testcases.HomePageTest" name="validateCompaniesPageLink" time="0.000">
    <skipped/>
  </testcase> <!-- validateCompaniesPageLink -->
  <system-out/>
  <testcase classname="com.crm.qa.testcases.HomePageTest" name="validateDealsPagelink" time="0.000">
    <skipped/>
  </testcase> <!-- validateDealsPagelink -->
  <system-out/>
  <testcase classname="com.crm.qa.testcases.HomePageTest" name="validateTasksPageLink" time="0.000">
    <skipped/>
  </testcase> <!-- validateTasksPageLink -->
  <system-out/>
  <testcase classname="com.crm.qa.testcases.HomePageTest" name="validateCasesPageLink" time="0.000">
    <skipped/>
  </testcase> <!-- validateCasesPageLink -->
  <system-out/>
  <testcase classname="com.crm.qa.testcases.HomePageTest" name="validateCallsPageLink" time="0.000">
    <skipped/>
  </testcase> <!-- validateCallsPageLink -->
  <system-out/>
  <testcase classname="com.crm.qa.testcases.HomePageTest" name="validateDocumentsPageLink" time="0.001">
    <skipped/>
  </testcase> <!-- validateDocumentsPageLink -->
  <system-out/>
  <testcase classname="com.crm.qa.testcases.HomePageTest" name="validateEmailPageLink" time="0.000">
    <skipped/>
  </testcase> <!-- validateEmailPageLink -->
  <system-out/>
  <testcase classname="com.crm.qa.testcases.HomePageTest" name="validateCampaignsPageLink" time="0.000">
    <skipped/>
  </testcase> <!-- validateCampaignsPageLink -->
  <system-out/>
  <testcase classname="com.crm.qa.testcases.HomePageTest" name="validateFormPageLink" time="0.001">
    <skipped/>
  </testcase> <!-- validateFormPageLink -->
  <system-out/>
</testsuite> <!-- com.crm.qa.testcases.HomePageTest -->
