<?xml version="1.0" encoding="UTF-8"?>
<!-- Generated by org.testng.reporters.JUnitReportReporter -->
<testsuite hostname="ASK-PC" failures="0" tests="2" name="com.crm.qa.testcases.ContactPageTest" time="54.024" errors="0" timestamp="2022-07-29T08:40:08 IST" skipped="0">
  <testcase classname="com.crm.qa.testcases.ContactPageTest" name="ContactPageTextValidation" time="24.135"/>
  <system-out/>
  <testcase classname="com.crm.qa.testcases.ContactPageTest" name="ContactPageNewValidation" time="29.889"/>
  <system-out/>
</testsuite> <!-- com.crm.qa.testcases.ContactPageTest -->
