<?xml version="1.0" encoding="UTF-8"?>
<!-- Generated by org.testng.reporters.JUnitReportReporter -->
<testsuite hostname="ASK-PC" failures="0" tests="3" name="com.crm.qa.testcases.passwordResetPageTest" time="58.552" errors="0" timestamp="2022-07-29T08:40:08 IST" skipped="0">
  <testcase classname="com.crm.qa.testcases.passwordResetPageTest" name="validateForgetPageCurrentURL" time="16.820"/>
  <system-out/>
  <testcase classname="com.crm.qa.testcases.passwordResetPageTest" name="validateForgetPageHeader" time="17.089"/>
  <system-out/>
  <testcase classname="com.crm.qa.testcases.passwordResetPageTest" name="validateForgetPageEmailadress" time="24.643"/>
  <system-out/>
</testsuite> <!-- com.crm.qa.testcases.passwordResetPageTest -->
