<?xml version="1.0" encoding="UTF-8"?>
<!-- Generated by org.testng.reporters.JUnitReportReporter -->
<testsuite hostname="ASK-PC" failures="0" tests="1" name="com.crm.qa.testcases.ContactPageTest" time="34.030" errors="0" timestamp="2022-07-12T16:59:36 IST" skipped="0">
  <testcase classname="com.crm.qa.testcases.ContactPageTest" name="ContactPageTextValidation" time="34.030"/>
  <system-out/>
</testsuite> <!-- com.crm.qa.testcases.ContactPageTest -->
